               ramulator.active_cycles_0               16602                                      # Total active cycles for level _0
                 ramulator.busy_cycles_0               16602                                      # (All-bank refresh only. busy cycles only include refresh time in rank level) The sum of cycles that the DRAM part is active or under refresh for level _0
            ramulator.serving_requests_0               16636                                      # The sum of read and write requests that are served in this DRAM element per memory cycle for level _0
    ramulator.average_serving_requests_0            0.027999                                      # The average of read and write requests that are served in this DRAM element per memory cycle for level _0
             ramulator.active_cycles_0_0               16602                                      # Total active cycles for level _0_0
               ramulator.busy_cycles_0_0               36258                                      # (All-bank refresh only. busy cycles only include refresh time in rank level) The sum of cycles that the DRAM part is active or under refresh for level _0_0
          ramulator.serving_requests_0_0               16636                                      # The sum of read and write requests that are served in this DRAM element per memory cycle for level _0_0
  ramulator.average_serving_requests_0_0            0.027999                                      # The average of read and write requests that are served in this DRAM element per memory cycle for level _0_0
           ramulator.active_cycles_0_0_0                6896                                      # Total active cycles for level _0_0_0
             ramulator.busy_cycles_0_0_0                6896                                      # (All-bank refresh only. busy cycles only include refresh time in rank level) The sum of cycles that the DRAM part is active or under refresh for level _0_0_0
        ramulator.serving_requests_0_0_0                6896                                      # The sum of read and write requests that are served in this DRAM element per memory cycle for level _0_0_0
ramulator.average_serving_requests_0_0_0            0.011606                                      # The average of read and write requests that are served in this DRAM element per memory cycle for level _0_0_0
         ramulator.active_cycles_0_0_0_0                6896                                      # Total active cycles for level _0_0_0_0
           ramulator.busy_cycles_0_0_0_0                6896                                      # (All-bank refresh only. busy cycles only include refresh time in rank level) The sum of cycles that the DRAM part is active or under refresh for level _0_0_0_0
      ramulator.serving_requests_0_0_0_0                6896                                      # The sum of read and write requests that are served in this DRAM element per memory cycle for level _0_0_0_0
ramulator.average_serving_requests_0_0_0_0            0.011606                                      # The average of read and write requests that are served in this DRAM element per memory cycle for level _0_0_0_0
         ramulator.active_cycles_0_0_0_1                   0                                      # Total active cycles for level _0_0_0_1
           ramulator.busy_cycles_0_0_0_1                   0                                      # (All-bank refresh only. busy cycles only include refresh time in rank level) The sum of cycles that the DRAM part is active or under refresh for level _0_0_0_1
      ramulator.serving_requests_0_0_0_1                   0                                      # The sum of read and write requests that are served in this DRAM element per memory cycle for level _0_0_0_1
ramulator.average_serving_requests_0_0_0_1            0.000000                                      # The average of read and write requests that are served in this DRAM element per memory cycle for level _0_0_0_1
         ramulator.active_cycles_0_0_0_2                   0                                      # Total active cycles for level _0_0_0_2
           ramulator.busy_cycles_0_0_0_2                   0                                      # (All-bank refresh only. busy cycles only include refresh time in rank level) The sum of cycles that the DRAM part is active or under refresh for level _0_0_0_2
      ramulator.serving_requests_0_0_0_2                   0                                      # The sum of read and write requests that are served in this DRAM element per memory cycle for level _0_0_0_2
ramulator.average_serving_requests_0_0_0_2            0.000000                                      # The average of read and write requests that are served in this DRAM element per memory cycle for level _0_0_0_2
         ramulator.active_cycles_0_0_0_3                   0                                      # Total active cycles for level _0_0_0_3
           ramulator.busy_cycles_0_0_0_3                   0                                      # (All-bank refresh only. busy cycles only include refresh time in rank level) The sum of cycles that the DRAM part is active or under refresh for level _0_0_0_3
      ramulator.serving_requests_0_0_0_3                   0                                      # The sum of read and write requests that are served in this DRAM element per memory cycle for level _0_0_0_3
ramulator.average_serving_requests_0_0_0_3            0.000000                                      # The average of read and write requests that are served in this DRAM element per memory cycle for level _0_0_0_3
           ramulator.active_cycles_0_0_1                8030                                      # Total active cycles for level _0_0_1
             ramulator.busy_cycles_0_0_1                8030                                      # (All-bank refresh only. busy cycles only include refresh time in rank level) The sum of cycles that the DRAM part is active or under refresh for level _0_0_1
        ramulator.serving_requests_0_0_1                8030                                      # The sum of read and write requests that are served in this DRAM element per memory cycle for level _0_0_1
ramulator.average_serving_requests_0_0_1            0.013515                                      # The average of read and write requests that are served in this DRAM element per memory cycle for level _0_0_1
         ramulator.active_cycles_0_0_1_0                8030                                      # Total active cycles for level _0_0_1_0
           ramulator.busy_cycles_0_0_1_0                8030                                      # (All-bank refresh only. busy cycles only include refresh time in rank level) The sum of cycles that the DRAM part is active or under refresh for level _0_0_1_0
      ramulator.serving_requests_0_0_1_0                8030                                      # The sum of read and write requests that are served in this DRAM element per memory cycle for level _0_0_1_0
ramulator.average_serving_requests_0_0_1_0            0.013515                                      # The average of read and write requests that are served in this DRAM element per memory cycle for level _0_0_1_0
         ramulator.active_cycles_0_0_1_1                   0                                      # Total active cycles for level _0_0_1_1
           ramulator.busy_cycles_0_0_1_1                   0                                      # (All-bank refresh only. busy cycles only include refresh time in rank level) The sum of cycles that the DRAM part is active or under refresh for level _0_0_1_1
      ramulator.serving_requests_0_0_1_1                   0                                      # The sum of read and write requests that are served in this DRAM element per memory cycle for level _0_0_1_1
ramulator.average_serving_requests_0_0_1_1            0.000000                                      # The average of read and write requests that are served in this DRAM element per memory cycle for level _0_0_1_1
         ramulator.active_cycles_0_0_1_2                   0                                      # Total active cycles for level _0_0_1_2
           ramulator.busy_cycles_0_0_1_2                   0                                      # (All-bank refresh only. busy cycles only include refresh time in rank level) The sum of cycles that the DRAM part is active or under refresh for level _0_0_1_2
      ramulator.serving_requests_0_0_1_2                   0                                      # The sum of read and write requests that are served in this DRAM element per memory cycle for level _0_0_1_2
ramulator.average_serving_requests_0_0_1_2            0.000000                                      # The average of read and write requests that are served in this DRAM element per memory cycle for level _0_0_1_2
         ramulator.active_cycles_0_0_1_3                   0                                      # Total active cycles for level _0_0_1_3
           ramulator.busy_cycles_0_0_1_3                   0                                      # (All-bank refresh only. busy cycles only include refresh time in rank level) The sum of cycles that the DRAM part is active or under refresh for level _0_0_1_3
      ramulator.serving_requests_0_0_1_3                   0                                      # The sum of read and write requests that are served in this DRAM element per memory cycle for level _0_0_1_3
ramulator.average_serving_requests_0_0_1_3            0.000000                                      # The average of read and write requests that are served in this DRAM element per memory cycle for level _0_0_1_3
           ramulator.active_cycles_0_0_2                   0                                      # Total active cycles for level _0_0_2
             ramulator.busy_cycles_0_0_2                   0                                      # (All-bank refresh only. busy cycles only include refresh time in rank level) The sum of cycles that the DRAM part is active or under refresh for level _0_0_2
        ramulator.serving_requests_0_0_2                   0                                      # The sum of read and write requests that are served in this DRAM element per memory cycle for level _0_0_2
ramulator.average_serving_requests_0_0_2            0.000000                                      # The average of read and write requests that are served in this DRAM element per memory cycle for level _0_0_2
         ramulator.active_cycles_0_0_2_0                   0                                      # Total active cycles for level _0_0_2_0
           ramulator.busy_cycles_0_0_2_0                   0                                      # (All-bank refresh only. busy cycles only include refresh time in rank level) The sum of cycles that the DRAM part is active or under refresh for level _0_0_2_0
      ramulator.serving_requests_0_0_2_0                   0                                      # The sum of read and write requests that are served in this DRAM element per memory cycle for level _0_0_2_0
ramulator.average_serving_requests_0_0_2_0            0.000000                                      # The average of read and write requests that are served in this DRAM element per memory cycle for level _0_0_2_0
         ramulator.active_cycles_0_0_2_1                   0                                      # Total active cycles for level _0_0_2_1
           ramulator.busy_cycles_0_0_2_1                   0                                      # (All-bank refresh only. busy cycles only include refresh time in rank level) The sum of cycles that the DRAM part is active or under refresh for level _0_0_2_1
      ramulator.serving_requests_0_0_2_1                   0                                      # The sum of read and write requests that are served in this DRAM element per memory cycle for level _0_0_2_1
ramulator.average_serving_requests_0_0_2_1            0.000000                                      # The average of read and write requests that are served in this DRAM element per memory cycle for level _0_0_2_1
         ramulator.active_cycles_0_0_2_2                   0                                      # Total active cycles for level _0_0_2_2
           ramulator.busy_cycles_0_0_2_2                   0                                      # (All-bank refresh only. busy cycles only include refresh time in rank level) The sum of cycles that the DRAM part is active or under refresh for level _0_0_2_2
      ramulator.serving_requests_0_0_2_2                   0                                      # The sum of read and write requests that are served in this DRAM element per memory cycle for level _0_0_2_2
ramulator.average_serving_requests_0_0_2_2            0.000000                                      # The average of read and write requests that are served in this DRAM element per memory cycle for level _0_0_2_2
         ramulator.active_cycles_0_0_2_3                   0                                      # Total active cycles for level _0_0_2_3
           ramulator.busy_cycles_0_0_2_3                   0                                      # (All-bank refresh only. busy cycles only include refresh time in rank level) The sum of cycles that the DRAM part is active or under refresh for level _0_0_2_3
      ramulator.serving_requests_0_0_2_3                   0                                      # The sum of read and write requests that are served in this DRAM element per memory cycle for level _0_0_2_3
ramulator.average_serving_requests_0_0_2_3            0.000000                                      # The average of read and write requests that are served in this DRAM element per memory cycle for level _0_0_2_3
           ramulator.active_cycles_0_0_3                1710                                      # Total active cycles for level _0_0_3
             ramulator.busy_cycles_0_0_3                1710                                      # (All-bank refresh only. busy cycles only include refresh time in rank level) The sum of cycles that the DRAM part is active or under refresh for level _0_0_3
        ramulator.serving_requests_0_0_3                1710                                      # The sum of read and write requests that are served in this DRAM element per memory cycle for level _0_0_3
ramulator.average_serving_requests_0_0_3            0.002878                                      # The average of read and write requests that are served in this DRAM element per memory cycle for level _0_0_3
         ramulator.active_cycles_0_0_3_0                   0                                      # Total active cycles for level _0_0_3_0
           ramulator.busy_cycles_0_0_3_0                   0                                      # (All-bank refresh only. busy cycles only include refresh time in rank level) The sum of cycles that the DRAM part is active or under refresh for level _0_0_3_0
      ramulator.serving_requests_0_0_3_0                   0                                      # The sum of read and write requests that are served in this DRAM element per memory cycle for level _0_0_3_0
ramulator.average_serving_requests_0_0_3_0            0.000000                                      # The average of read and write requests that are served in this DRAM element per memory cycle for level _0_0_3_0
         ramulator.active_cycles_0_0_3_1                   0                                      # Total active cycles for level _0_0_3_1
           ramulator.busy_cycles_0_0_3_1                   0                                      # (All-bank refresh only. busy cycles only include refresh time in rank level) The sum of cycles that the DRAM part is active or under refresh for level _0_0_3_1
      ramulator.serving_requests_0_0_3_1                   0                                      # The sum of read and write requests that are served in this DRAM element per memory cycle for level _0_0_3_1
ramulator.average_serving_requests_0_0_3_1            0.000000                                      # The average of read and write requests that are served in this DRAM element per memory cycle for level _0_0_3_1
         ramulator.active_cycles_0_0_3_2                   0                                      # Total active cycles for level _0_0_3_2
           ramulator.busy_cycles_0_0_3_2                   0                                      # (All-bank refresh only. busy cycles only include refresh time in rank level) The sum of cycles that the DRAM part is active or under refresh for level _0_0_3_2
      ramulator.serving_requests_0_0_3_2                   0                                      # The sum of read and write requests that are served in this DRAM element per memory cycle for level _0_0_3_2
ramulator.average_serving_requests_0_0_3_2            0.000000                                      # The average of read and write requests that are served in this DRAM element per memory cycle for level _0_0_3_2
         ramulator.active_cycles_0_0_3_3                1710                                      # Total active cycles for level _0_0_3_3
           ramulator.busy_cycles_0_0_3_3                1710                                      # (All-bank refresh only. busy cycles only include refresh time in rank level) The sum of cycles that the DRAM part is active or under refresh for level _0_0_3_3
      ramulator.serving_requests_0_0_3_3                1710                                      # The sum of read and write requests that are served in this DRAM element per memory cycle for level _0_0_3_3
ramulator.average_serving_requests_0_0_3_3            0.002878                                      # The average of read and write requests that are served in this DRAM element per memory cycle for level _0_0_3_3
      ramulator.read_transaction_bytes_0               39552                                      # The total byte of read transaction per channel
     ramulator.write_transaction_bytes_0               75648                                      # The total byte of write transaction per channel
       ramulator.row_hits_channel_0_core                1583                                      # Number of row hits per channel per core
     ramulator.row_misses_channel_0_core                 174                                      # Number of row misses per channel per core
  ramulator.row_conflicts_channel_0_core                  43                                      # Number of row conflicts per channel per core
  ramulator.read_row_hits_channel_0_core                 523                                      # Number of row hits for read requests per channel per core
                                     [0]               523.0                                      # 
ramulator.read_row_misses_channel_0_core                  70                                      # Number of row misses for read requests per channel per core
                                     [0]                70.0                                      # 
ramulator.read_row_conflicts_channel_0_core                  25                                      # Number of row conflicts for read requests per channel per core
                                     [0]                25.0                                      # 
 ramulator.write_row_hits_channel_0_core                1060                                      # Number of row hits for write requests per channel per core
                                     [0]              1060.0                                      # 
ramulator.write_row_misses_channel_0_core                 104                                      # Number of row misses for write requests per channel per core
                                     [0]               104.0                                      # 
ramulator.write_row_conflicts_channel_0_core                  18                                      # Number of row conflicts for write requests per channel per core
                                     [0]                18.0                                      # 
      ramulator.useless_activates_0_core                   0                                      # Number of useless activations. E.g, ACT -> PRE w/o RD or WR
            ramulator.read_latency_avg_0           29.814216                                      # The average memory latency cycles (in memory time domain) per request for all read requests in this channel
            ramulator.read_latency_sum_0               18455                                      # The memory latency cycles (in memory time domain) sum for all read requests in this channel
        ramulator.req_queue_length_avg_0            0.038839                                      # Average of read and write queue length per memory cycle per channel.
        ramulator.req_queue_length_sum_0               23077                                      # Sum of read and write queue length per memory cycle per channel.
   ramulator.read_req_queue_length_avg_0            0.028318                                      # Read queue length average per memory cycle per channel.
   ramulator.read_req_queue_length_sum_0               16826                                      # Read queue length sum per memory cycle per channel.
  ramulator.write_req_queue_length_avg_0            0.010521                                      # Write queue length average per memory cycle per channel.
  ramulator.write_req_queue_length_sum_0                6251                                      # Write queue length sum per memory cycle per channel.
              ramulator.record_read_hits                 0.0                                      # record read hit count for this core when it reaches request limit or to the end
                                     [0]                 0.0                                      # 
            ramulator.record_read_misses                 0.0                                      # record_read_miss count for this core when it reaches request limit or to the end
                                     [0]                 0.0                                      # 
         ramulator.record_read_conflicts                 0.0                                      # record read conflict count for this core when it reaches request limit or to the end
                                     [0]                 0.0                                      # 
             ramulator.record_write_hits                 0.0                                      # record write hit count for this core when it reaches request limit or to the end
                                     [0]                 0.0                                      # 
           ramulator.record_write_misses                 0.0                                      # record write miss count for this core when it reaches request limit or to the end
                                     [0]                 0.0                                      # 
        ramulator.record_write_conflicts                 0.0                                      # record write conflict for this core when it reaches request limit or to the end
                                     [0]                 0.0                                      # 
               ramulator.active_cycles_1               14553                                      # Total active cycles for level _1
                 ramulator.busy_cycles_1               14553                                      # (All-bank refresh only. busy cycles only include refresh time in rank level) The sum of cycles that the DRAM part is active or under refresh for level _1
            ramulator.serving_requests_1               14669                                      # The sum of read and write requests that are served in this DRAM element per memory cycle for level _1
    ramulator.average_serving_requests_1            0.024688                                      # The average of read and write requests that are served in this DRAM element per memory cycle for level _1
             ramulator.active_cycles_1_0               14553                                      # Total active cycles for level _1_0
               ramulator.busy_cycles_1_0               34209                                      # (All-bank refresh only. busy cycles only include refresh time in rank level) The sum of cycles that the DRAM part is active or under refresh for level _1_0
          ramulator.serving_requests_1_0               14669                                      # The sum of read and write requests that are served in this DRAM element per memory cycle for level _1_0
  ramulator.average_serving_requests_1_0            0.024688                                      # The average of read and write requests that are served in this DRAM element per memory cycle for level _1_0
           ramulator.active_cycles_1_0_0                6649                                      # Total active cycles for level _1_0_0
             ramulator.busy_cycles_1_0_0                6649                                      # (All-bank refresh only. busy cycles only include refresh time in rank level) The sum of cycles that the DRAM part is active or under refresh for level _1_0_0
        ramulator.serving_requests_1_0_0                6649                                      # The sum of read and write requests that are served in this DRAM element per memory cycle for level _1_0_0
ramulator.average_serving_requests_1_0_0            0.011190                                      # The average of read and write requests that are served in this DRAM element per memory cycle for level _1_0_0
         ramulator.active_cycles_1_0_0_0                6649                                      # Total active cycles for level _1_0_0_0
           ramulator.busy_cycles_1_0_0_0                6649                                      # (All-bank refresh only. busy cycles only include refresh time in rank level) The sum of cycles that the DRAM part is active or under refresh for level _1_0_0_0
      ramulator.serving_requests_1_0_0_0                6649                                      # The sum of read and write requests that are served in this DRAM element per memory cycle for level _1_0_0_0
ramulator.average_serving_requests_1_0_0_0            0.011190                                      # The average of read and write requests that are served in this DRAM element per memory cycle for level _1_0_0_0
         ramulator.active_cycles_1_0_0_1                   0                                      # Total active cycles for level _1_0_0_1
           ramulator.busy_cycles_1_0_0_1                   0                                      # (All-bank refresh only. busy cycles only include refresh time in rank level) The sum of cycles that the DRAM part is active or under refresh for level _1_0_0_1
      ramulator.serving_requests_1_0_0_1                   0                                      # The sum of read and write requests that are served in this DRAM element per memory cycle for level _1_0_0_1
ramulator.average_serving_requests_1_0_0_1            0.000000                                      # The average of read and write requests that are served in this DRAM element per memory cycle for level _1_0_0_1
         ramulator.active_cycles_1_0_0_2                   0                                      # Total active cycles for level _1_0_0_2
           ramulator.busy_cycles_1_0_0_2                   0                                      # (All-bank refresh only. busy cycles only include refresh time in rank level) The sum of cycles that the DRAM part is active or under refresh for level _1_0_0_2
      ramulator.serving_requests_1_0_0_2                   0                                      # The sum of read and write requests that are served in this DRAM element per memory cycle for level _1_0_0_2
ramulator.average_serving_requests_1_0_0_2            0.000000                                      # The average of read and write requests that are served in this DRAM element per memory cycle for level _1_0_0_2
         ramulator.active_cycles_1_0_0_3                   0                                      # Total active cycles for level _1_0_0_3
           ramulator.busy_cycles_1_0_0_3                   0                                      # (All-bank refresh only. busy cycles only include refresh time in rank level) The sum of cycles that the DRAM part is active or under refresh for level _1_0_0_3
      ramulator.serving_requests_1_0_0_3                   0                                      # The sum of read and write requests that are served in this DRAM element per memory cycle for level _1_0_0_3
ramulator.average_serving_requests_1_0_0_3            0.000000                                      # The average of read and write requests that are served in this DRAM element per memory cycle for level _1_0_0_3
           ramulator.active_cycles_1_0_1                6452                                      # Total active cycles for level _1_0_1
             ramulator.busy_cycles_1_0_1                6452                                      # (All-bank refresh only. busy cycles only include refresh time in rank level) The sum of cycles that the DRAM part is active or under refresh for level _1_0_1
        ramulator.serving_requests_1_0_1                6464                                      # The sum of read and write requests that are served in this DRAM element per memory cycle for level _1_0_1
ramulator.average_serving_requests_1_0_1            0.010879                                      # The average of read and write requests that are served in this DRAM element per memory cycle for level _1_0_1
         ramulator.active_cycles_1_0_1_0                6452                                      # Total active cycles for level _1_0_1_0
           ramulator.busy_cycles_1_0_1_0                6452                                      # (All-bank refresh only. busy cycles only include refresh time in rank level) The sum of cycles that the DRAM part is active or under refresh for level _1_0_1_0
      ramulator.serving_requests_1_0_1_0                6464                                      # The sum of read and write requests that are served in this DRAM element per memory cycle for level _1_0_1_0
ramulator.average_serving_requests_1_0_1_0            0.010879                                      # The average of read and write requests that are served in this DRAM element per memory cycle for level _1_0_1_0
         ramulator.active_cycles_1_0_1_1                   0                                      # Total active cycles for level _1_0_1_1
           ramulator.busy_cycles_1_0_1_1                   0                                      # (All-bank refresh only. busy cycles only include refresh time in rank level) The sum of cycles that the DRAM part is active or under refresh for level _1_0_1_1
      ramulator.serving_requests_1_0_1_1                   0                                      # The sum of read and write requests that are served in this DRAM element per memory cycle for level _1_0_1_1
ramulator.average_serving_requests_1_0_1_1            0.000000                                      # The average of read and write requests that are served in this DRAM element per memory cycle for level _1_0_1_1
         ramulator.active_cycles_1_0_1_2                   0                                      # Total active cycles for level _1_0_1_2
           ramulator.busy_cycles_1_0_1_2                   0                                      # (All-bank refresh only. busy cycles only include refresh time in rank level) The sum of cycles that the DRAM part is active or under refresh for level _1_0_1_2
      ramulator.serving_requests_1_0_1_2                   0                                      # The sum of read and write requests that are served in this DRAM element per memory cycle for level _1_0_1_2
ramulator.average_serving_requests_1_0_1_2            0.000000                                      # The average of read and write requests that are served in this DRAM element per memory cycle for level _1_0_1_2
         ramulator.active_cycles_1_0_1_3                   0                                      # Total active cycles for level _1_0_1_3
           ramulator.busy_cycles_1_0_1_3                   0                                      # (All-bank refresh only. busy cycles only include refresh time in rank level) The sum of cycles that the DRAM part is active or under refresh for level _1_0_1_3
      ramulator.serving_requests_1_0_1_3                   0                                      # The sum of read and write requests that are served in this DRAM element per memory cycle for level _1_0_1_3
ramulator.average_serving_requests_1_0_1_3            0.000000                                      # The average of read and write requests that are served in this DRAM element per memory cycle for level _1_0_1_3
           ramulator.active_cycles_1_0_2                  44                                      # Total active cycles for level _1_0_2
             ramulator.busy_cycles_1_0_2                  44                                      # (All-bank refresh only. busy cycles only include refresh time in rank level) The sum of cycles that the DRAM part is active or under refresh for level _1_0_2
        ramulator.serving_requests_1_0_2                  56                                      # The sum of read and write requests that are served in this DRAM element per memory cycle for level _1_0_2
ramulator.average_serving_requests_1_0_2            0.000094                                      # The average of read and write requests that are served in this DRAM element per memory cycle for level _1_0_2
         ramulator.active_cycles_1_0_2_0                   0                                      # Total active cycles for level _1_0_2_0
           ramulator.busy_cycles_1_0_2_0                   0                                      # (All-bank refresh only. busy cycles only include refresh time in rank level) The sum of cycles that the DRAM part is active or under refresh for level _1_0_2_0
      ramulator.serving_requests_1_0_2_0                   0                                      # The sum of read and write requests that are served in this DRAM element per memory cycle for level _1_0_2_0
ramulator.average_serving_requests_1_0_2_0            0.000000                                      # The average of read and write requests that are served in this DRAM element per memory cycle for level _1_0_2_0
         ramulator.active_cycles_1_0_2_1                   0                                      # Total active cycles for level _1_0_2_1
           ramulator.busy_cycles_1_0_2_1                   0                                      # (All-bank refresh only. busy cycles only include refresh time in rank level) The sum of cycles that the DRAM part is active or under refresh for level _1_0_2_1
      ramulator.serving_requests_1_0_2_1                   0                                      # The sum of read and write requests that are served in this DRAM element per memory cycle for level _1_0_2_1
ramulator.average_serving_requests_1_0_2_1            0.000000                                      # The average of read and write requests that are served in this DRAM element per memory cycle for level _1_0_2_1
         ramulator.active_cycles_1_0_2_2                   0                                      # Total active cycles for level _1_0_2_2
           ramulator.busy_cycles_1_0_2_2                   0                                      # (All-bank refresh only. busy cycles only include refresh time in rank level) The sum of cycles that the DRAM part is active or under refresh for level _1_0_2_2
      ramulator.serving_requests_1_0_2_2                   0                                      # The sum of read and write requests that are served in this DRAM element per memory cycle for level _1_0_2_2
ramulator.average_serving_requests_1_0_2_2            0.000000                                      # The average of read and write requests that are served in this DRAM element per memory cycle for level _1_0_2_2
         ramulator.active_cycles_1_0_2_3                  44                                      # Total active cycles for level _1_0_2_3
           ramulator.busy_cycles_1_0_2_3                  44                                      # (All-bank refresh only. busy cycles only include refresh time in rank level) The sum of cycles that the DRAM part is active or under refresh for level _1_0_2_3
      ramulator.serving_requests_1_0_2_3                  56                                      # The sum of read and write requests that are served in this DRAM element per memory cycle for level _1_0_2_3
ramulator.average_serving_requests_1_0_2_3            0.000094                                      # The average of read and write requests that are served in this DRAM element per memory cycle for level _1_0_2_3
           ramulator.active_cycles_1_0_3                1488                                      # Total active cycles for level _1_0_3
             ramulator.busy_cycles_1_0_3                1488                                      # (All-bank refresh only. busy cycles only include refresh time in rank level) The sum of cycles that the DRAM part is active or under refresh for level _1_0_3
        ramulator.serving_requests_1_0_3                1500                                      # The sum of read and write requests that are served in this DRAM element per memory cycle for level _1_0_3
ramulator.average_serving_requests_1_0_3            0.002525                                      # The average of read and write requests that are served in this DRAM element per memory cycle for level _1_0_3
         ramulator.active_cycles_1_0_3_0                   0                                      # Total active cycles for level _1_0_3_0
           ramulator.busy_cycles_1_0_3_0                   0                                      # (All-bank refresh only. busy cycles only include refresh time in rank level) The sum of cycles that the DRAM part is active or under refresh for level _1_0_3_0
      ramulator.serving_requests_1_0_3_0                   0                                      # The sum of read and write requests that are served in this DRAM element per memory cycle for level _1_0_3_0
ramulator.average_serving_requests_1_0_3_0            0.000000                                      # The average of read and write requests that are served in this DRAM element per memory cycle for level _1_0_3_0
         ramulator.active_cycles_1_0_3_1                   0                                      # Total active cycles for level _1_0_3_1
           ramulator.busy_cycles_1_0_3_1                   0                                      # (All-bank refresh only. busy cycles only include refresh time in rank level) The sum of cycles that the DRAM part is active or under refresh for level _1_0_3_1
      ramulator.serving_requests_1_0_3_1                   0                                      # The sum of read and write requests that are served in this DRAM element per memory cycle for level _1_0_3_1
ramulator.average_serving_requests_1_0_3_1            0.000000                                      # The average of read and write requests that are served in this DRAM element per memory cycle for level _1_0_3_1
         ramulator.active_cycles_1_0_3_2                   0                                      # Total active cycles for level _1_0_3_2
           ramulator.busy_cycles_1_0_3_2                   0                                      # (All-bank refresh only. busy cycles only include refresh time in rank level) The sum of cycles that the DRAM part is active or under refresh for level _1_0_3_2
      ramulator.serving_requests_1_0_3_2                   0                                      # The sum of read and write requests that are served in this DRAM element per memory cycle for level _1_0_3_2
ramulator.average_serving_requests_1_0_3_2            0.000000                                      # The average of read and write requests that are served in this DRAM element per memory cycle for level _1_0_3_2
         ramulator.active_cycles_1_0_3_3                1488                                      # Total active cycles for level _1_0_3_3
           ramulator.busy_cycles_1_0_3_3                1488                                      # (All-bank refresh only. busy cycles only include refresh time in rank level) The sum of cycles that the DRAM part is active or under refresh for level _1_0_3_3
      ramulator.serving_requests_1_0_3_3                1500                                      # The sum of read and write requests that are served in this DRAM element per memory cycle for level _1_0_3_3
ramulator.average_serving_requests_1_0_3_3            0.002525                                      # The average of read and write requests that are served in this DRAM element per memory cycle for level _1_0_3_3
      ramulator.read_transaction_bytes_1               36864                                      # The total byte of read transaction per channel
     ramulator.write_transaction_bytes_1              127360                                      # The total byte of write transaction per channel
       ramulator.row_hits_channel_1_core                2391                                      # Number of row hits per channel per core
     ramulator.row_misses_channel_1_core                 174                                      # Number of row misses per channel per core
  ramulator.row_conflicts_channel_1_core                   1                                      # Number of row conflicts per channel per core
  ramulator.read_row_hits_channel_1_core                 460                                      # Number of row hits for read requests per channel per core
                                     [0]               460.0                                      # 
ramulator.read_row_misses_channel_1_core                 116                                      # Number of row misses for read requests per channel per core
                                     [0]               116.0                                      # 
ramulator.read_row_conflicts_channel_1_core                   0                                      # Number of row conflicts for read requests per channel per core
                                     [0]                 0.0                                      # 
 ramulator.write_row_hits_channel_1_core                1931                                      # Number of row hits for write requests per channel per core
                                     [0]              1931.0                                      # 
ramulator.write_row_misses_channel_1_core                  58                                      # Number of row misses for write requests per channel per core
                                     [0]                58.0                                      # 
ramulator.write_row_conflicts_channel_1_core                   1                                      # Number of row conflicts for write requests per channel per core
                                     [0]                 1.0                                      # 
      ramulator.useless_activates_1_core                   0                                      # Number of useless activations. E.g, ACT -> PRE w/o RD or WR
            ramulator.read_latency_avg_1           29.013889                                      # The average memory latency cycles (in memory time domain) per request for all read requests in this channel
            ramulator.read_latency_sum_1               16712                                      # The memory latency cycles (in memory time domain) sum for all read requests in this channel
        ramulator.req_queue_length_avg_1            0.037474                                      # Average of read and write queue length per memory cycle per channel.
        ramulator.req_queue_length_sum_1               22266                                      # Sum of read and write queue length per memory cycle per channel.
   ramulator.read_req_queue_length_avg_1            0.024463                                      # Read queue length average per memory cycle per channel.
   ramulator.read_req_queue_length_sum_1               14535                                      # Read queue length sum per memory cycle per channel.
  ramulator.write_req_queue_length_avg_1            0.013011                                      # Write queue length average per memory cycle per channel.
  ramulator.write_req_queue_length_sum_1                7731                                      # Write queue length sum per memory cycle per channel.
              ramulator.record_read_hits                 0.0                                      # record read hit count for this core when it reaches request limit or to the end
                                     [0]                 0.0                                      # 
            ramulator.record_read_misses                 0.0                                      # record_read_miss count for this core when it reaches request limit or to the end
                                     [0]                 0.0                                      # 
         ramulator.record_read_conflicts                 0.0                                      # record read conflict count for this core when it reaches request limit or to the end
                                     [0]                 0.0                                      # 
             ramulator.record_write_hits                 0.0                                      # record write hit count for this core when it reaches request limit or to the end
                                     [0]                 0.0                                      # 
           ramulator.record_write_misses                 0.0                                      # record write miss count for this core when it reaches request limit or to the end
                                     [0]                 0.0                                      # 
        ramulator.record_write_conflicts                 0.0                                      # record write conflict for this core when it reaches request limit or to the end
                                     [0]                 0.0                                      # 
                 ramulator.dram_capacity          8589934592                                      # Number of bytes in simulated DRAM
                   ramulator.dram_cycles              594172                                      # Number of DRAM cycles simulated
             ramulator.incoming_requests                4367                                      # Number of incoming requests to DRAM
                 ramulator.read_requests                1195                                      # Number of incoming read requests to DRAM per core
                                     [0]              1195.0                                      # 
                ramulator.write_requests                3172                                      # Number of incoming write requests to DRAM per core
                                     [0]              3172.0                                      # 
       ramulator.ramulator_active_cycles               31063                                      # The total number of cycles that the DRAM part is active (serving R/W)
 ramulator.incoming_requests_per_channel              4367.0                                      # Number of incoming requests to each DRAM channel
                                     [0]              1801.0                                      # 
                                     [1]              2566.0                                      # 
ramulator.incoming_read_reqs_per_channel              1195.0                                      # Number of incoming read requests to each DRAM channel
                                     [0]               619.0                                      # 
                                     [1]               576.0                                      # 
     ramulator.physical_page_replacement                   0                                      # The number of times that physical page replacement happens.
             ramulator.maximum_bandwidth         38400000000                                      # The theoretical maximum bandwidth (Bps)
          ramulator.in_queue_req_num_sum               45343                                      # Sum of read/write queue length
     ramulator.in_queue_read_req_num_sum               31361                                      # Sum of read queue length
    ramulator.in_queue_write_req_num_sum               13982                                      # Sum of write queue length
          ramulator.in_queue_req_num_avg            0.076313                                      # Average of read/write queue length per memory cycle
     ramulator.in_queue_read_req_num_avg            0.052781                                      # Average of read queue length per memory cycle
    ramulator.in_queue_write_req_num_avg            0.023532                                      # Average of write queue length per memory cycle
          ramulator.record_read_requests                 0.0                                      # record read requests for this core when it reaches request limit or to the end
                                     [0]                 0.0                                      # 
         ramulator.record_write_requests                 0.0                                      # record write requests for this core when it reaches request limit or to the end
                                     [0]                 0.0                                      # 
